[2018-02-26 12:12:31.164] [INFO] customer - customer_Function.js customer registration function called
[2018-02-26 12:12:31.167] [INFO] customer - customer_Function.js db connection and collection required
[2018-02-26 12:12:32.063] [INFO] customer - customer_Function.js inquiry registration done
[2018-02-26 12:44:55.756] [INFO] customer - customer_Function.js customer registration function called
[2018-02-26 12:44:55.759] [INFO] customer - customer_Function.js db connection and collection required
[2018-02-26 12:44:56.739] [INFO] customer - customer_Function.js inquiry registration done
[2018-02-26 12:45:12.344] [INFO] customer - customer_Function.js customer registration function called
[2018-02-26 12:45:12.347] [INFO] customer - customer_Function.js db connection and collection required
[2018-02-26 12:45:13.162] [INFO] customer - customer_Function.js inquiry registration done
[2018-02-26 12:45:44.709] [INFO] customer - customer_Function.js customer registration function called
[2018-02-26 12:45:44.709] [INFO] customer - customer_Function.js db connection and collection required
[2018-02-26 12:45:45.670] [INFO] customer - customer_Function.js inquiry registration done
[2018-02-26 12:45:46.542] [INFO] customer - customer_Function.js customer registration function called
[2018-02-26 12:45:46.543] [INFO] customer - customer_Function.js db connection and collection required
[2018-02-26 12:45:47.389] [INFO] customer - customer_Function.js inquiry registration done
[2018-02-26 12:45:48.974] [INFO] customer - customer_Function.js customer registration function called
[2018-02-26 12:45:48.975] [INFO] customer - customer_Function.js db connection and collection required
[2018-02-26 12:45:49.779] [INFO] customer - customer_Function.js inquiry registration done
[2018-02-26 12:45:51.012] [INFO] customer - customer_Function.js customer registration function called
[2018-02-26 12:45:51.012] [INFO] customer - customer_Function.js db connection and collection required
[2018-02-26 12:45:51.703] [INFO] customer - customer_Function.js inquiry registration done
[2018-02-26 12:45:52.477] [INFO] customer - customer_Function.js customer registration function called
[2018-02-26 12:45:52.478] [INFO] customer - customer_Function.js db connection and collection required
[2018-02-26 12:45:53.127] [INFO] customer - customer_Function.js inquiry registration done
[2018-02-27 15:23:50.024] [INFO] chatbot - chatBoot_Function.js session id created successfully {"sessionId":"baa6f356845fd7devishal830c036bae3313e0","userName":"vishal","company":"vishal","_id":"5a952aae4dd8350bf2a8b3b5"}
[2018-02-27 15:24:19.671] [INFO] chatbot - chatBoot_Function.js session id created successfully {"sessionId":"9802188107ab6686vishal50dc943f63c5e7aa","userName":"vishal","company":"vishal","_id":"5a952acb4dd8350bf2a8b3b6"}
[2018-02-27 15:24:28.369] [INFO] chatbot - chatBoot_Function.js chatbootQuestion created successfully {"http_code":"200","message":"chatbootQuestion  created successfully","sessionId":{"sessionId":"90f5493234347cb1vishalb468c3a9773a1d7c","userName":"vishal","company":"vishal","query":"hello","response":"I am fine.How about you?","statusCode":200,"feedBack":"","userFeedbackComment":"","requestIp":"","requestType":"text","_id":"5a952ad44dd8350bf2a8b3b7"}}
[2018-02-28 12:31:44.359] [INFO] chatbot - chatBoot_Function.js session id created successfully {"sessionId":"5ccbd015ba364b02vishale691da5573b557cc","userName":"vishal","company":"vishal","_id":"5a9653d82efe9d7ec6364dda"}
[2018-02-28 12:31:49.860] [INFO] chatbot - chatBoot_Function.js chatbootQuestion created successfully {"http_code":"200","message":"chatbootQuestion  created successfully","sessionId":{"sessionId":"90f5493234347cb1vishalb468c3a9773a1d7c","userName":"vishal","company":"vishal","query":"hello","response":"Hey! How can I help you?","statusCode":200,"feedBack":"","userFeedbackComment":"","requestIp":"","requestType":"text","_id":"5a9653dd2efe9d7ec6364ddb"}}
[2018-02-28 12:32:53.457] [INFO] chatbot - chatBoot_Function.js chatbootQuestion created successfully {"http_code":"200","message":"chatbootQuestion  created successfully","sessionId":{"sessionId":"90f5493234347cb1vishalb468c3a9773a1d7c","userName":"vishal","company":"vishal","query":"hello","response":"Hey! How can I help you?","statusCode":200,"feedBack":"","userFeedbackComment":"","requestIp":"","requestType":"text","_id":"5a96541d31fadb04bbc4aa54"}}
[2018-02-28 15:21:59.593] [INFO] chatbot - chatBoot_Function.js chatbootQuestion created successfully {"http_code":"200","message":"chatbootQuestion  created successfully","sessionId":{"sessionId":"90f5493234347cb1vishalb468c3a9773a1d7c","userName":"vishal","company":"vishal","query":"chatboot","response":"Currently, I am not trained for this.I'm still in learning phase!!!","statusCode":404,"feedBack":"","userFeedbackComment":"","requestIp":"","requestType":"text","_id":"5a967bbf31fadb04bbc4aa55"}}
[2018-02-28 15:22:10.031] [INFO] chatbot - chatBoot_Function.js chatbootQuestion created successfully {"http_code":"200","message":"chatbootQuestion  created successfully","sessionId":{"sessionId":"90f5493234347cb1vishalb468c3a9773a1d7c","userName":"vishal","company":"vishal","query":"chatbot","response":"With our user-friendly chatbot solutions, customers are guaranteed with higher satisfaction, where there is a low-key investment of time, money, effort and resources. \n- Customizable for all industries\n- Keeps Data Secure\n- Driven by Artificial Intelligence and Predictive Analytics\n- Comes with built-in Natural Language Processing Technology\n- Deployed across all Social Media Messengers, Websites and Apps\n- Integrable with Amazon Alexa\n","statusCode":200,"feedBack":"","userFeedbackComment":"","requestIp":"","requestType":"text","_id":"5a967bca31fadb04bbc4aa56"}}
[2018-02-28 15:29:49.909] [INFO] chatbot - chatBoot_Function.js chatbootQuestion created successfully {"http_code":"200","message":"chatbootQuestion  created successfully","sessionId":{"sessionId":"90f5493234347cb1vishalb468c3a9773a1d7c","userName":"vishal","company":"vishal","query":"chatbot","response":"With our user-friendly chatbot solutions, customers are guaranteed with higher satisfaction, where there is a low-key investment of time, money, effort and resources. \n- Customizable for all industries\n- Keeps Data Secure\n- Driven by Artificial Intelligence and Predictive Analytics\n- Comes with built-in Natural Language Processing Technology\n- Deployed across all Social Media Messengers, Websites and Apps\n- Integrable with Amazon Alexa\n","statusCode":200,"feedBack":"","userFeedbackComment":"","requestIp":"","requestType":"text","_id":"5a967d9588d632220a2c8c18"}}
[2018-02-28 15:31:08.100] [INFO] chatbot - chatBoot_Function.js chatbootQuestion created successfully {"http_code":"200","message":"chatbootQuestion  created successfully","sessionId":{"sessionId":"90f5493234347cb1vishalb468c3a9773a1d7c","userName":"vishal","company":"vishal","query":"chatbot","response":"With our user-friendly chatbot solutions, customers are guaranteed with higher satisfaction, where there is a low-key investment of time, money, effort and resources. \n- Customizable for all industries\n- Keeps Data Secure\n- Driven by Artificial Intelligence and Predictive Analytics\n- Comes with built-in Natural Language Processing Technology\n- Deployed across all Social Media Messengers, Websites and Apps\n- Integrable with Amazon Alexa\n","statusCode":200,"feedBack":"","userFeedbackComment":"","requestIp":"","requestType":"text","_id":"5a967de4f16a0a225d9ffc5e"}}
[2018-03-07 10:08:30.537] [INFO] chatbot - chatBoot_Function.js chatbootQuestion created successfully {"http_code":"200","message":"chatbootQuestion  created successfully","sessionId":{"sessionId":"90f5493234347cb1vishalb468c3a9773a1d7c","userName":"vishal","company":"vishal","query":"hello","response":"Hey! How can I help you?","statusCode":200,"feedBack":"","userFeedbackComment":"","requestIp":"","requestType":"text","_id":"5a9f6cc6b86ea510b78c2e2c"}}
[2018-03-07 10:29:08.100] [INFO] chatbot - chatBoot_Function.js chatbootQuestion created successfully {"http_code":"200","message":"chatbootQuestion  created successfully","sessionId":{"sessionId":"90f5493234347cb1vishalb468c3a9773a1d7c","userName":"vishal","company":"vishal","query":"hello","response":"Hey! How can I help you?","statusCode":200,"feedBack":"","userFeedbackComment":"","requestIp":"","requestType":"text","_id":"5a9f719c33b4d31454ac32dc"}}
[2018-03-08 12:22:39.215] [INFO] chatbot - chatBoot_Function.js session id created successfully {"sessionId":"17bdc5464777617fvishalc457cd97f565d6d9","userName":"vishal","company":"vishal","_id":"5aa0ddb76f17011f48d94ce1"}
[2018-03-08 12:23:14.411] [INFO] chatbot - chatBoot_Function.js chatbootQuestion created successfully {"http_code":"200","message":"chatbootQuestion  created successfully","sessionId":{"sessionId":"17bdc5464777617fvishalc457cd97f565d6d9","userName":"vishal","company":"vishal","query":"hello","response":"Hey! How can I help you?","statusCode":200,"feedBack":"","userFeedbackComment":"","requestIp":"","requestType":"text","_id":"5aa0ddda03f2471f9cf7cb7d"}}
[2018-03-08 12:25:44.863] [INFO] chatbot - chatBoot_Function.js chatbootQuestion created successfully {"http_code":"200","message":"chatbootQuestion  created successfully","sessionId":{"sessionId":"17bdc5464777617fvishalc457cd97f565d6d9","userName":"vishal","company":"vishal","query":"hello","response":"Hey! How can I help you?","statusCode":200,"feedBack":"","userFeedbackComment":"","requestIp":"","requestType":"text","confidence":1,"_id":"5aa0de7010957a207997a98e"}}
